PhotoGallery(29)/app/build/outputs/logs/manifest-merger-debug-report.txt
-- Merging decision tree log ---
manifest
ADDED from src\main\AndroidManifest.xml:1:1-34:12
	package
		ADDED from src\main\AndroidManifest.xml:2:3-50
		INJECTED from src\main\AndroidManifest.xml
		INJECTED from src\main\AndroidManifest.xml
	android:versionName
		ADDED from src\main\AndroidManifest.xml:4:3-28
	android:versionCode
		ADDED from src\main\AndroidManifest.xml:3:3-26
		INJECTED from src\main\AndroidManifest.xml
		INJECTED from src\main\AndroidManifest.xml
	xmlns:android
		ADDED from src\main\AndroidManifest.xml:1:11-69
uses-sdk
ADDED from src\main\AndroidManifest.xml:6:3-8:37
	android:targetSdkVersion
		ADDED from src\main\AndroidManifest.xml:8:5-34
		INJECTED from src\main\AndroidManifest.xml
		INJECTED from src\main\AndroidManifest.xml
	android:minSdkVersion
		ADDED from src\main\AndroidManifest.xml:7:5-30
		INJECTED from src\main\AndroidManifest.xml
		INJECTED from src\main\AndroidManifest.xml
uses-permission#android.permission.INTERNET
ADDED from src\main\AndroidManifest.xml:9:3-65
	android:name
		ADDED from src\main\AndroidManifest.xml:9:20-62
uses-permission#android.permission.ACCESS_NETWORK_STATE
ADDED from src\main\AndroidManifest.xml:10:3-77
	android:name
		ADDED from src\main\AndroidManifest.xml:10:20-74
application
ADDED from src\main\AndroidManifest.xml:12:3-32:17
	android:label
		ADDED from src\main\AndroidManifest.xml:14:5-37
	android:icon
		ADDED from src\main\AndroidManifest.xml:13:5-41
	android:theme
		ADDED from src\main\AndroidManifest.xml:15:5-36
activity#com.bignerdranch.android.photogallery.PhotoGalleryActivity
ADDED from src\main\AndroidManifest.xml:16:5-30:16
	android:label
		ADDED from src\main\AndroidManifest.xml:19:7-59
	android:launchMode
		ADDED from src\main\AndroidManifest.xml:18:7-37
	android:name
		ADDED from src\main\AndroidManifest.xml:17:7-43
intent-filter#android.intent.action.MAIN+android.intent.category.LAUNCHER
ADDED from src\main\AndroidManifest.xml:20:7-24:23
action#android.intent.action.MAIN
ADDED from src\main\AndroidManifest.xml:21:9-61
	android:name
		ADDED from src\main\AndroidManifest.xml:21:17-58
category#android.intent.category.LAUNCHER
ADDED from src\main\AndroidManifest.xml:23:9-69
	android:name
		ADDED from src\main\AndroidManifest.xml:23:19-66
intent-filter#android.intent.action.SEARCH
ADDED from src\main\AndroidManifest.xml:25:7-27:23
action#android.intent.action.SEARCH
ADDED from src\main\AndroidManifest.xml:26:9-63
	android:name
		ADDED from src\main\AndroidManifest.xml:26:17-60
meta-data#android.app.searchable
ADDED from src\main\AndroidManifest.xml:28:7-29:45
	android:resource
		ADDED from src\main\AndroidManifest.xml:29:9-43
	android:name
		ADDED from src\main\AndroidManifest.xml:28:18-55
service#com.bignerdranch.android.photogallery.PollService
ADDED from src\main\AndroidManifest.xml:31:5-44
	android:name
		ADDED from src\main\AndroidManifest.xml:31:14-41